+ BUILD=./build-aarch64-linux-gnu
+ INSTALL_BIN=./build-aarch64-linux-gnu/install/bin
+ MODELS=./models
+ IMAGES=./images
+ export LD_LIBRARY_PATH=./build-aarch64-linux-gnu/install/lib:./build-aarch64-linux-gnu/install/lib:
+ LD_LIBRARY_PATH=./build-aarch64-linux-gnu/install/lib:./build-aarch64-linux-gnu/install/lib:
+ echo 分类任务
分类任务
+ ./build-aarch64-linux-gnu/install/bin/tm_classification -m ./models/mobilenet.tmfile -i ./images/cat.jpg -g 224,224 -s 0.017,0.017,0.017 -w 104.007,116.669,122.679
tengine-lite library version: 1.5-dev

model file : ./models/mobilenet.tmfile
image file : ./images/cat.jpg
img_h, img_w, scale[3], mean[3] : 224 224 , 0.017 0.017 0.017, 104.0 116.7 122.7
Repeat 1 times, thread 1, avg time 210.81 ms, max_time 210.81 ms, min_time 210.81 ms
--------------------------------------
8.574153, 282
7.880111, 277
7.812575, 278
7.286450, 263
6.357493, 281
--------------------------------------
+ echo 人脸关键点检测任务
人脸关键点检测任务
+ ./build-aarch64-linux-gnu/install/bin/tm_landmark -m ./models/landmark.tmfile -i ./images/mobileface02.jpg -r 1 -t 1
tengine-lite library version: 1.5-dev
Repeat [1] min 74.974 ms, max 74.974 ms, avg 74.974 ms
+ echo 人脸检测任务
人脸检测任务
+ ./build-aarch64-linux-gnu/install/bin/tm_retinaface -m ./models/retinaface.tmfile -i ./images/mtcnn_face4.jpg -r 1 -t 1
tengine-lite library version: 1.5-dev
img_h, img_w : 316, 474
Repeat 1 times, thread 1, avg time 154.97 ms, max_time 154.97 ms, min_time 154.97 ms
--------------------------------------
detected face num: 4
BOX 1.00:( 38.4053 , 86.142 ),( 46.3009 , 64.0174 )
BOX 0.99:( 384.076 , 56.9844 ),( 76.968 , 83.9609 )
BOX 0.99:( 169.196 , 87.1324 ),( 38.4133 , 46.8504 )
BOX 0.98:( 290.004 , 104.453 ),( 37.6345 , 46.7777 )
+ echo 目标检测任务
目标检测任务
+ ./build-aarch64-linux-gnu/install/bin/tm_yolofastest -m ./models/yolo-fastest-1.1.tmfile -i ./images/ssd_dog.jpg -r 1 -t 1
tengine-lite library version: 1.5-dev
Repeat 1 times, thread 1, avg time 155.27 ms, max_time 155.27 ms, min_time 155.27 ms
--------------------------------------
Yolov3DetectionOutput init param[1]
 3:  93%, [ 454,   77,  684,  180], car
17:  75%, [ 122,  221,  366,  516], dog
 2:  54%, [ 243,  187,  589,  422], bicycle
 3:  53%, [ 690,  117,  729,  155], car
 1:  53%, [  64,   73,  114,  118], person
+ ./build-aarch64-linux-gnu/install/bin/tm_efficientdet -m ./models/efficientdet.tmfile -i ./images/ssd_horse.jpg -r 1 -t 1
Image height not specified, use default 512
Image width not specified, use default  512
Scale value not specified, use default  0.017, 0.018, 0.017
Mean value not specified, use default   123.7, 116.3, 103.5
tengine-lite library version: 1.5-dev

model file : ./models/efficientdet.tmfile
image file : ./images/ssd_horse.jpg
img_h, img_w, scale[3], mean[3] : 512 512 , 0.017 0.018 0.017, 123.7 116.3 103.5
Repeat 1 times, thread 1, avg time 5432.70 ms, max_time 5432.70 ms, min_time 5432.70 ms
--------------------------------------
18:  85%, [ 215,   90,  425,  358], horse
 0:  71%, [ 429,  123,  449,  178], person
 0:  67%, [ 274,   16,  356,  228], person
 7:  56%, [   2,  105,  133,  197], truck
18:  56%, [ 142,  203,  196,  346], horse
 0:  27%, [ 419,  136,  427,  150], person
 7:  25%, [ 467,  148,  498,  175], truck
 0:  25%, [ 412,  135,  420,  151], person
63:  24%, [ 176,  134,  202,  158], potted plant
